<?xml version="1.0" encoding="UTF-8"?>
<!-- Generated by org.testng.reporters.JUnitReportReporter -->
<testsuite hostname="1L7K5N3" failures="0" tests="1" name="com.chemodosing.testscript.ProjectModule" time="2.989" errors="0" timestamp="2024-04-14T22:22:52 IST" skipped="0">
  <testcase classname="com.chemodosing.testscript.ProjectModule" name="CreateAndDeleteProject" time="2.989"/>
  <system-out>
    <![CDATA[Method executed without any errors]]>
  </system-out>
</testsuite> <!-- com.chemodosing.testscript.ProjectModule -->
