<?xml version="1.0" encoding="UTF-8"?>
<!-- Generated by org.testng.reporters.JUnitReportReporter -->
<testsuite hostname="1L7K5N3" failures="0" tests="2" name="com.chemodosing.testscript.CustomerModule" time="8.406" errors="0" timestamp="2024-04-14T22:22:52 IST" skipped="0">
  <testcase classname="com.chemodosing.testscript.CustomerModule" name="createCustomer" time="4.219"/>
  <system-out>
    <![CDATA[Method executed without any errors]]>
  </system-out>
  <testcase classname="com.chemodosing.testscript.CustomerModule" name="deleteCustomer" time="4.187"/>
  <system-out>
    <![CDATA[deleteCustomer
Method executed without any errors]]>
  </system-out>
</testsuite> <!-- com.chemodosing.testscript.CustomerModule -->
